app/proguard/seeds.txt
com.bing.wyqqsplash.R$styleable: int TextInputLayout_prefixTextColor
com.bing.wyqqsplash.R$styleable: int AppCompatTheme_colorControlNormal
com.bing.wyqqsplash.R$styleable: int KeyPosition_keyPositionType
com.bing.wyqqsplash.R$styleable: int TextInputLayout_helperTextTextColor
com.bing.wyqqsplash.R$styleable: int StateListDrawable_android_visible
com.bing.wyqqsplash.R$styleable: int AppCompatTextHelper_android_drawableTop
com.bing.wyqqsplash.R$styleable: int KeyCycle_motionTarget
com.bing.wyqqsplash.R$styleable: int ConstraintSet_layout_constraintHeight_min
com.bing.wyqqsplash.R$styleable: int ConstraintSet_layout_constraintHorizontal_bias
com.bing.wyqqsplash.R$styleable: int ConstraintSet_android_layout_height
com.bing.wyqqsplash.R$styleable: int Chip_android_textColor
com.bing.wyqqsplash.main.hangzhou.HangzhouDetailBean: com.bing.wyqqsplash.main.hangzhou.HangzhouDetailBean$ResultBean result
com.bing.wyqqsplash.R$styleable: int Constraint_layout_constraintWidth_default
com.bing.wyqqsplash.R$styleable: int CustomAttribute_customColorDrawableValue
com.bing.wyqqsplash.R$styleable: int ConstraintLayout_Layout_layout_constraintBottom_toTopOf
com.bing.wyqqsplash.R$styleable: int AppCompatTheme_searchViewStyle
com.bing.wyqqsplash.R$styleable: int Tooltip_backgroundTint
com.bing.wyqqsplash.R$styleable: int TextInputLayout_boxStrokeColor
com.bing.wyqqsplash.R$styleable: int Transform_android_rotationX
com.bing.wyqqsplash.R$styleable: int Constraint_android_elevation
com.bing.wyqqsplash.R$styleable: int[] MenuGroup
com.bing.wyqqsplash.R$styleable: int MaterialButton_backgroundTintMode
com.bing.wyqqsplash.R$styleable: int ConstraintSet_android_maxWidth
com.bing.wyqqsplash.R$styleable: int Constraint_layout_constraintGuide_percent
com.bing.wyqqsplash.R$styleable: int Constraint_visibilityMode
com.bing.wyqqsplash.R$styleable: int AlertDialog_buttonIconDimen
com.bing.wyqqsplash.R$styleable: int StateListDrawable_android_enterFadeDuration
com.bing.wyqqsplash.R$styleable: int MenuItem_android_orderInCategory
com.bing.wyqqsplash.R$styleable: int Snackbar_snackbarTextViewStyle
com.bing.wyqqsplash.R$styleable: int MenuGroup_android_orderInCategory
com.bing.wyqqsplash.R$styleable: int KeyTrigger_triggerReceiver
com.bing.wyqqsplash.R$styleable: int[] ActionBarLayout
com.bing.wyqqsplash.R$styleable: int TextAppearance_android_textSize
com.bing.wyqqsplash.R$styleable: int[] KeyFramesVelocity
com.bing.wyqqsplash.R$styleable: int Chip_checkedIconEnabled
com.bing.wyqqsplash.R$styleable: int ConstraintLayout_Layout_layout_goneMarginLeft
com.bing.wyqqsplash.R$styleable: int Toolbar_collapseContentDescription
com.bing.wyqqsplash.R$styleable: int Constraint_android_orientation
com.bing.wyqqsplash.main.hangzhou.HangzhouDetailBean$ResultBean$DataBean: java.lang.String hashId
com.bing.wyqqsplash.R$styleable: int BottomNavigationView_elevation
com.bing.wyqqsplash.R$styleable: int MaterialCalendarItem_android_insetLeft
com.bing.wyqqsplash.R$styleable: int ConstraintLayout_Layout_layout_constraintStart_toEndOf
com.bing.wyqqsplash.R$styleable: int[] AppCompatImageView
com.bing.wyqqsplash.R$styleable: int LinearLayoutCompat_Layout_android_layout_gravity
com.bing.wyqqsplash.R$styleable: int ConstraintSet_transitionEasing
com.bing.wyqqsplash.R$styleable: int ConstraintSet_transitionPathRotate
com.bing.wyqqsplash.R$styleable: int[] MaterialAlertDialog
com.bing.wyqqsplash.R$styleable: int CustomAttribute_customFloatValue
com.bing.wyqqsplash.R$styleable: int TextInputLayout_shapeAppearanceOverlay
com.bing.wyqqsplash.R$styleable: int[] CoordinatorLayout_Layout
com.bing.wyqqsplash.R$styleable: int StateListDrawable_android_constantSize
com.bing.wyqqsplash.R$styleable: int ViewBackgroundHelper_android_background
com.bing.wyqqsplash.R$styleable: int ConstraintSet_layout_constraintStart_toEndOf
com.bing.wyqqsplash.R$styleable: int Layout_layout_constraintVertical_bias
com.bing.wyqqsplash.R$styleable: int ConstraintLayout_Layout_layout_constraintHeight_default
...
androidx.appcompat.R$style: int Platform_Widget_AppCompat_Spinner
androidx.appcompat.widget.AppCompatRadioButton: android.graphics.PorterDuff$Mode getSupportButtonTintMode()
com.google.android.material.appbar.MaterialToolbar: MaterialToolbar(android.content.Context,android.util.AttributeSet,int)
androidx.constraintlayout.motion.widget.MotionLayout: android.os.Bundle getTransitionState()
com.google.android.material.R$drawable: int ic_mtrl_chip_checked_black
com.google.android.material.slider.Slider: void setLabelBehavior(int)
androidx.fragment.app.FragmentManagerState
com.google.android.material.floatingactionbutton.FloatingActionButton: void setElevation(float)
com.google.android.material.R$layout: int abc_screen_content_include
com.airbnb.lottie.R$styleable: int AppCompatTheme_editTextBackground
androidx.appcompat.R$styleable: int AppCompatTheme_listPreferredItemPaddingEnd
com.google.android.material.R$dimen: int mtrl_extended_fab_translation_z_pressed
com.google.android.material.R$id: int test_radiobutton_android_button_tint
com.google.android.material.R$attr: int iconifiedByDefault
com.airbnb.lottie.LottieAnimationView: void setImageAssetsFolder(java.lang.String)
androidx.constraintlayout.widget.R$styleable: int ConstraintLayout_Layout_layout_constraintVertical_weight
androidx.appcompat.R$styleable: int AppCompatTheme_listMenuViewStyle
com.google.android.material.R$id: int edit_query
com.google.android.material.tabs.TabLayout: int getTabIndicatorGravity()
androidx.appcompat.R$styleable: int[] AlertDialog
androidx.appcompat.R$styleable: int ViewBackgroundHelper_android_background
androidx.appcompat.R$style: int TextAppearance_AppCompat_Light_Widget_PopupMenu_Large
com.airbnb.lottie.R$styleable: int[] ActionMode
com.google.gson.LongSerializationPolicy: com.google.gson.LongSerializationPolicy STRING
com.airbnb.lottie.R$styleable: int Toolbar_contentInsetRight
com.google.android.material.chip.Chip: void setCompoundDrawablesRelativeWithIntrinsicBounds(int,int,int,int)
androidx.constraintlayout.motion.widget.MotionHelper
com.google.android.material.slider.Slider: void setThumbRadiusResource(int)
com.google.android.material.slider.RangeSlider: void setTickInactiveTintList(android.content.res.ColorStateList)
com.google.android.material.R$attr: int passwordToggleEnabled
androidx.appcompat.widget.SwitchCompat: void setTrackTintList(android.content.res.ColorStateList)
androidx.viewpager.widget.ViewPager
com.google.android.material.R$attr: int alertDialogButtonGroupStyle
androidx.lifecycle.Lifecycle$Event: androidx.lifecycle.Lifecycle$Event ON_PAUSE
com.google.android.material.R$styleable: int AppCompatTheme_buttonBarNegativeButtonStyle
com.google.android.material.R$style: int Theme_MaterialComponents_DayNight_Dialog_Alert_Bridge
androidx.appcompat.R$attr: int colorError
com.bing.player.status.PlayStatus: com.bing.player.status.PlayStatus IDLE
androidx.constraintlayout.widget.R$styleable: int OnSwipe_onTouchUp
com.google.android.material.R$color: int material_deep_teal_500
com.google.android.material.R$styleable: int AppCompatTheme_textAppearanceSmallPopupMenu
okio.ByteString: void write(java.io.OutputStream)
androidx.vectordrawable.graphics.drawable.VectorDrawableCompat$VFullPath: void setStrokeWidth(float)
com.google.android.material.R$attr: int labelVisibilityMode
androidx.appcompat.R$styleable: int View_android_focusable
androidx.core.R$id: int accessibility_custom_action_23
androidx.recyclerview.R$styleable: int GradientColor_android_centerX
androidx.constraintlayout.widget.R$id: int default_activity_button
com.airbnb.lottie.R$styleable: int[] ActionBarLayout
androidx.appcompat.widget.SearchView$SearchAutoComplete: void setSearchView(androidx.appcompat.widget.SearchView)
com.airbnb.lottie.LottieAnimationView: LottieAnimationView(android.content.Context,android.util.AttributeSet,int)
com.airbnb.lottie.R$styleable: int AppCompatTheme_dividerHorizontal