app/proguard/unused.txt
com.bing.wyqqsplash.R$id
com.bing.wyqqsplash.R$anim
com.bing.wyqqsplash.R$attr
com.bing.wyqqsplash.base.crash.CrashProtectManager
com.bing.wyqqsplash.main.hangzhou.HangzhouDetailActivity_ViewBinding:
    public void <init>(com.bing.wyqqsplash.main.hangzhou.HangzhouDetailActivity)
    public void unbind()
com.bing.wyqqsplash.base.HostManager$1:
    public java.lang.String getDefaultPath()
com.bing.wyqqsplash.R$integer
com.bing.wyqqsplash.base.tools.FileUtils:
    public void <init>()
com.bing.wyqqsplash.R$animator
com.bing.wyqqsplash.main.beijing.BeijingFrag_ViewBinding:
    public void unbind()
com.bing.wyqqsplash.splash.SplashTimePresenter:
    protected com.bing.mvp.mvp.IMvpView getEmptyView()
com.bing.wyqqsplash.base.tools.AnimationUtils:
    public void <init>()
com.bing.wyqqsplash.tools.SystemUtil:
    public void <init>()
    public static int sp2px(android.content.Context,float)
com.bing.wyqqsplash.R$drawable
com.bing.wyqqsplash.R$xml
com.bing.wyqqsplash.main.hangzhou.HangzhouFrag_ViewBinding:
    public void unbind()
com.bing.wyqqsplash.base.crash.CrashProtectManager$1
com.bing.wyqqsplash.main.shenzhen.util.ByteUtil:
    public void <init>()
com.bing.wyqqsplash.main.shenzhen.WeixinActivity$WxTextView:
    public void textView(java.lang.String)
com.bing.wyqqsplash.R$string
com.bing.wyqqsplash.main.hangzhou.HangzhouDetailActivity$3
com.bing.wyqqsplash.R$layout
com.bing.wyqqsplash.BuildConfig
com.bing.wyqqsplash.R$color
com.bing.wyqqsplash.main.hangzhou.HangzhouDetailActivity$2
com.bing.wyqqsplash.R$raw
com.bing.wyqqsplash.R$plurals
com.bing.wyqqsplash.main.MainActivity_ViewBinding:
    public void <init>(com.bing.wyqqsplash.main.MainActivity)
    public void unbind()
com.bing.wyqqsplash.main.shanghai.ZhihuFrag_ViewBinding:
    public void unbind()
com.bing.wyqqsplash.R$styleable:
    private void <init>()
com.bing.wyqqsplash.R$style
com.bing.wyqqsplash.main.shenzhen.WeixinActivity_ViewBinding:
    public void <init>(com.bing.wyqqsplash.main.shenzhen.WeixinActivity)
    public void unbind()
com.bing.wyqqsplash.splash.SplashActivity_ViewBinding:
    public void <init>(com.bing.wyqqsplash.splash.SplashActivity)
    public void unbind()
com.bing.wyqqsplash.main.shanghai.BottomAnim:
    public void <init>()
com.bing.wyqqsplash.R$mipmap
com.bing.wyqqsplash.R
com.bing.wyqqsplash.main.shenzhen.util.MD5:
    public void <init>()
com.bing.wyqqsplash.main.hangzhou.HangzhouDetailActivity:
    private void initPostNetData()
    private void initGetNetData()
    private java.util.ArrayList list
com.bing.wyqqsplash.R$bool
com.bing.wyqqsplash.main.shenzhen.SafeActivity_ViewBinding:
    public void <init>(com.bing.wyqqsplash.main.shenzhen.SafeActivity)
    public void unbind()
com.bing.wyqqsplash.main.shanghai.ShanghaiFrag_ViewBinding:
    public void unbind()
com.bing.wyqqsplash.R$dimen
com.bing.wyqqsplash.main.shenzhen.ShenzhenFrag_ViewBinding:
    public void unbind()
com.bing.wyqqsplash.main.hangzhou.HangzhouData:
    public void <init>()
com.bing.wyqqsplash.R$interpolator
com.bing.wyqqsplash.main.hangzhou.HangzhouBean$HangzhouItemType
com.bing.wyqqsplash.main.shanghai.RefreshFrag_ViewBinding:
    public void unbind()
com.bing.wyqqsplash.splash.SplashActivity_ViewBinding$1:
    public final synthetic com.bing.wyqqsplash.splash.SplashActivity_ViewBinding this$0
com.bing.wyqqsplash.main.hangzhou.HangzhouDetailActivity$1:
    public final synthetic com.bing.wyqqsplash.main.hangzhou.HangzhouDetailActivity this$0
com.bing.wyqqsplash.main.hangzhou.HangzhouDetailActivity_ViewBinding:
    public com.bing.wyqqsplash.main.hangzhou.HangzhouDetailActivity target
com.bing.wyqqsplash.main.beijing.BeijingFrag_ViewBinding:
    public com.bing.wyqqsplash.main.beijing.BeijingFrag target
com.bing.wyqqsplash.main.hangzhou.HangzhouFrag_ViewBinding:
    public com.bing.wyqqsplash.main.hangzhou.HangzhouFrag target
com.bing.wyqqsplash.main.shenzhen.WeixinActivity$WxTextView:
    public final synthetic com.bing.wyqqsplash.main.shenzhen.WeixinActivity this$0
...
androidx.core.app.FrameMetricsAggregator$FrameMetricsApi24Impl$1
com.bing.mvp.mvp.base.BaseMvpPresenter:
    public void onCreate(android.os.Bundle,android.content.Intent,android.os.Bundle)
    public void onStart()
    public void onResume()
    public void onPause()
    public void onStop()
    public void onReStart()
    public void onNewIntent(android.content.Intent)
    public void onSaveInstanceState(android.os.Bundle)
    public void onActivityResult(int,int,android.content.Intent)
    public void onActivityCreate(android.os.Bundle,android.content.Intent,android.os.Bundle)
    public void onDestroyView()
androidx.appcompat.app.ToolbarActionBar$ToolbarCallbackWrapper
com.google.android.material.R$attr:
    private void <init>()
com.google.android.material.transition.platform.MaterialContainerTransformSharedElementCallback$3
androidx.core.content.ContextCompat:
    protected void <init>()
    public static boolean startActivities(android.content.Context,android.content.Intent[])
    public static java.io.File getDataDir(android.content.Context)
    public static java.io.File[] getObbDirs(android.content.Context)
    public static int checkSelfPermission(android.content.Context,java.lang.String)
    public static java.io.File getNoBackupFilesDir(android.content.Context)
    public static java.io.File getCodeCacheDir(android.content.Context)
    private static synchronized java.io.File createFilesDir(java.io.File)
    public static android.content.Context createDeviceProtectedStorageContext(android.content.Context)
    public static boolean isDeviceProtectedStorage(android.content.Context)
    public static java.util.concurrent.Executor getMainExecutor(android.content.Context)
    public static void startForegroundService(android.content.Context,android.content.Intent)
    public static java.lang.Object getSystemService(android.content.Context,java.lang.Class)
    public static java.lang.String getSystemServiceName(android.content.Context,java.lang.Class)
    private static final java.lang.String TAG
androidx.annotation.Dimension
com.google.android.material.animation.MotionSpec:
    private static final java.lang.String TAG
androidx.core.widget.EdgeEffectCompat:
    public void <init>(android.content.Context)
    public void setSize(int,int)
    public boolean isFinished()
    public void finish()
    public boolean onPull(float)
    public boolean onPull(float,float)
    public boolean onRelease()
    public boolean onAbsorb(int)
    public boolean draw(android.graphics.Canvas)
    private android.widget.EdgeEffect mEdgeEffect
androidx.core.view.accessibility.AccessibilityViewCommand$SetSelectionArguments:
    public int getStart()
    public int getEnd()